WifiController/app/build/intermediates/manifest_merge_blame_file/debug/manifest-merger-blame-debug-report.txt
1<?xml version="1.0" encoding="utf-8"?>
2<manifest xmlns:android="http://schemas.android.com/apk/res/android"
3    package="com.example.wificontroller"
4    android:versionCode="1"
5    android:versionName="1.0" >
6
7    <uses-sdk
8        android:minSdkVersion="28"
8-->src\main\AndroidManifest.xml
9        android:targetSdkVersion="32" />
9-->src\main\AndroidManifest.xml
10
11    <application
11-->src\main\AndroidManifest.xml:5:5-30:19
12        android:allowBackup="true"
12-->src\main\AndroidManifest.xml:6:9-35
13        android:appComponentFactory="android.support.v4.app.CoreComponentFactory"
13-->[com.android.support:support-compat:28.0.0] AndroidManifest.xml:22:18-91
14        android:debuggable="true"
15        android:extractNativeLibs="false"
16        android:icon="@mipmap/ic_launcher"
16-->src\main\AndroidManifest.xml:7:9-43
17        android:label="@string/app_name"
17-->src\main\AndroidManifest.xml:8:9-41
18        android:roundIcon="@mipmap/ic_launcher_round"
18-->src\main\AndroidManifest.xml:9:9-54
19        android:supportsRtl="true"
19-->src\main\AndroidManifest.xml:10:9-35
20        android:testOnly="true"
21        android:theme="@style/Theme.WifiController" >
21-->src\main\AndroidManifest.xml:11:9-52
22        <activity
22-->src\main\AndroidManifest.xml:12:9-22:20
23            android:name="com.example.wificontroller.SplashActivity"
23-->src\main\AndroidManifest.xml:13:13-43
24            android:configChanges="orientation|keyboardHidden"
24-->src\main\AndroidManifest.xml:16:13-63
25            android:exported="true"
25-->src\main\AndroidManifest.xml:14:13-36
26            android:screenOrientation="landscape" >
26-->src\main\AndroidManifest.xml:15:13-50
27            <intent-filter>
27-->src\main\AndroidManifest.xml:17:13-21:29
28                <action android:name="android.intent.action.MAIN" />
28-->src\main\AndroidManifest.xml:18:17-69
28-->src\main\AndroidManifest.xml:18:25-66
29
30                <category android:name="android.intent.category.LAUNCHER" />
30-->src\main\AndroidManifest.xml:20:17-77
30-->src\main\AndroidManifest.xml:20:27-74
31            </intent-filter>
32        </activity>
33        <activity
33-->src\main\AndroidManifest.xml:23:9-29:20
34            android:name="com.example.wificontroller.MainActivity"
34-->src\main\AndroidManifest.xml:24:13-41
35            android:configChanges="orientation|keyboardHidden"
35-->src\main\AndroidManifest.xml:27:13-63
36            android:exported="true"
36-->src\main\AndroidManifest.xml:25:13-36
37            android:screenOrientation="landscape" >
37-->src\main\AndroidManifest.xml:26:13-50
38        </activity>
39    </application>
40
41</manifest>